Build started 19-9-2015 12:46:03.
     1>Project "I:\library\documenten\Visual Studio 2010\Projects\RCT3ArchiveDumper2\RCT3ArchiveDumper2\RCT3ArchiveDumper2.vcxproj" on node 2 (Build target(s)).
     1>ClCompile:
         C:\Program Files (x86)\Microsoft Visual Studio 14.0\VC\bin\x86_amd64\CL.exe /c /AI"C:\Program Files (x86)\Reference Assemblies\Microsoft\Framework\.NETFramework\v4.5.2\\" /AI"C:\Program Files (x86)\Windows Kits\8.1\References\CommonConfiguration\Neutral" /AI"C:\Program Files (x86)\Reference Assemblies\Microsoft\Framework\.NETFramework\v4.5.2\Facades\\" /Zi /clr:pure /nologo /W3 /WX- /O2 /D WIN32 /D NDEBUG /D _UNICODE /D UNICODE /EHa /MD /GS /fp:precise /Zc:wchar_t /Zc:forScope /Zc:inline /Yc"stdafx.h" /Fp"x64\Release\RCT3ArchiveDumper2.pch" /Fo"x64\Release\\" /Fd"x64\Release\vc140.pdb" /TP /FU"C:\Program Files (x86)\Reference Assemblies\Microsoft\Framework\.NETFramework\v4.5.2\mscorlib.dll" /FU"C:\Program Files (x86)\Reference Assemblies\Microsoft\Framework\.NETFramework\v4.5.2\System.Data.dll" /FU"C:\Program Files (x86)\Reference Assemblies\Microsoft\Framework\.NETFramework\v4.5.2\System.dll" /FU"C:\Program Files (x86)\Reference Assemblies\Microsoft\Framework\.NETFramework\v4.5.2\System.Drawing.dll" /FU"C:\Program Files (x86)\Reference Assemblies\Microsoft\Framework\.NETFramework\v4.5.2\System.Windows.Forms.dll" /FU"C:\Program Files (x86)\Reference Assemblies\Microsoft\Framework\.NETFramework\v4.5.2\System.Xml.dll" /errorReport:prompt /clr:nostdlib stdafx.cpp
     1>cl : Command line warning D9035: option 'clr:pure' has been deprecated and will be removed in a future release
         stdafx.cpp
         C:\Program Files (x86)\Microsoft Visual Studio 14.0\VC\bin\x86_amd64\CL.exe /c /AI"C:\Program Files (x86)\Reference Assemblies\Microsoft\Framework\.NETFramework\v4.5.2\\" /AI"C:\Program Files (x86)\Windows Kits\8.1\References\CommonConfiguration\Neutral" /AI"C:\Program Files (x86)\Reference Assemblies\Microsoft\Framework\.NETFramework\v4.5.2\Facades\\" /Zi /clr:pure /nologo /W3 /WX- /O2 /D WIN32 /D NDEBUG /D _UNICODE /D UNICODE /EHa /MD /GS /fp:precise /Zc:wchar_t /Zc:forScope /Zc:inline /Yu"stdafx.h" /Fp"x64\Release\RCT3ArchiveDumper2.pch" /Fo"x64\Release\\" /Fd"x64\Release\vc140.pdb" /TP /FU"C:\Program Files (x86)\Reference Assemblies\Microsoft\Framework\.NETFramework\v4.5.2\mscorlib.dll" /FU"C:\Program Files (x86)\Reference Assemblies\Microsoft\Framework\.NETFramework\v4.5.2\System.Data.dll" /FU"C:\Program Files (x86)\Reference Assemblies\Microsoft\Framework\.NETFramework\v4.5.2\System.dll" /FU"C:\Program Files (x86)\Reference Assemblies\Microsoft\Framework\.NETFramework\v4.5.2\System.Drawing.dll" /FU"C:\Program Files (x86)\Reference Assemblies\Microsoft\Framework\.NETFramework\v4.5.2\System.Windows.Forms.dll" /FU"C:\Program Files (x86)\Reference Assemblies\Microsoft\Framework\.NETFramework\v4.5.2\System.Xml.dll" /errorReport:prompt /clr:nostdlib AssemblyInfo.cpp global_vars.cpp RCT3ArchiveDumper2.cpp warn_options.cpp
     1>cl : Command line warning D9035: option 'clr:pure' has been deprecated and will be removed in a future release
         AssemblyInfo.cpp
     1>AssemblyInfo.cpp(40): warning C4947: 'RequestMinimum': marked as obsolete
         AssemblyInfo.cpp(40): note: Message: 'Assembly level declarative security is obsolete and is no longer enforced by the CLR by default. See http://go.microsoft.com/fwlink/?LinkID=155570 for more information.'
         global_vars.cpp
         RCT3ArchiveDumper2.cpp
     1>i:\library\documenten\visual studio 2010\projects\rct3archivedumper2\rct3archivedumper2\Form1.h(1022): warning C4477: 'fprintf' : format string '%-5.5X' requires an argument of type 'unsigned int', but variadic argument 1 has type 'fpos_t'
         i:\library\documenten\visual studio 2010\projects\rct3archivedumper2\rct3archivedumper2\Form1.h(1022): note: consider using '%llX' in the format string
         i:\library\documenten\visual studio 2010\projects\rct3archivedumper2\rct3archivedumper2\Form1.h(1022): note: consider using '%IX' in the format string
         i:\library\documenten\visual studio 2010\projects\rct3archivedumper2\rct3archivedumper2\Form1.h(1022): note: consider using '%I64X' in the format string
     1>i:\library\documenten\visual studio 2010\projects\rct3archivedumper2\rct3archivedumper2\Form1.h(1959): warning C4477: 'fprintf' : format string '%d' requires an argument of type 'int', but variadic argument 1 has type 'fpos_t'
         i:\library\documenten\visual studio 2010\projects\rct3archivedumper2\rct3archivedumper2\Form1.h(1959): note: consider using '%lld' in the format string
         i:\library\documenten\visual studio 2010\projects\rct3archivedumper2\rct3archivedumper2\Form1.h(1959): note: consider using '%Id' in the format string
         i:\library\documenten\visual studio 2010\projects\rct3archivedumper2\rct3archivedumper2\Form1.h(1959): note: consider using '%I64d' in the format string
     1>RCT3ArchiveDumper2.cpp(9): error C2976: 'std::array': too few template arguments
         C:\Program Files (x86)\Microsoft Visual Studio 14.0\VC\include\utility(306): note: see declaration of 'std::array'
     1>RCT3ArchiveDumper2.cpp(9): error C3699: '^': cannot use this indirection on type 'std::array'
         RCT3ArchiveDumper2.cpp(9): note: compiler replacing '^' with '*' to continue parsing
     1>RCT3ArchiveDumper2.cpp(9): error C2664: 'int main(std::array *)': cannot convert argument 1 from 'int' to 'std::array *'
         RCT3ArchiveDumper2.cpp(9): note: Conversion from integral type to pointer type requires reinterpret_cast, C-style cast or function-style cast
         warn_options.cpp
         Generating Code...
     1>Done Building Project "I:\library\documenten\Visual Studio 2010\Projects\RCT3ArchiveDumper2\RCT3ArchiveDumper2\RCT3ArchiveDumper2.vcxproj" (Build target(s)) -- FAILED.

Build FAILED.

Time Elapsed 00:00:01.78
